execve("./a.out", ["./a.out"], 0x7ffef42509e8 /* 90 vars */) = 0
brk(NULL)                               = 0x1e33000
access("/etc/ld-nix.so.preload", R_OK)  = -1 ENOENT (No such file or directory)
openat(AT_FDCWD, "/nix/store/6al5bwrg5163jj6vbag5p7g2wq2mv8ad-gcc-multi-sysroot/lib/gcc/x86_64-unknown-linux-gnu/9.3.0/tls/x86_64/x86_64/libc.so.6", O_RDONLY|O_CLOEXEC) = -1 ENOENT (No such file or directory)
stat("/nix/store/6al5bwrg5163jj6vbag5p7g2wq2mv8ad-gcc-multi-sysroot/lib/gcc/x86_64-unknown-linux-gnu/9.3.0/tls/x86_64/x86_64", 0x7ffd9665fa60) = -1 ENOENT (No such file or directory)
openat(AT_FDCWD, "/nix/store/6al5bwrg5163jj6vbag5p7g2wq2mv8ad-gcc-multi-sysroot/lib/gcc/x86_64-unknown-linux-gnu/9.3.0/tls/x86_64/libc.so.6", O_RDONLY|O_CLOEXEC) = -1 ENOENT (No such file or directory)
stat("/nix/store/6al5bwrg5163jj6vbag5p7g2wq2mv8ad-gcc-multi-sysroot/lib/gcc/x86_64-unknown-linux-gnu/9.3.0/tls/x86_64", 0x7ffd9665fa60) = -1 ENOENT (No such file or directory)
openat(AT_FDCWD, "/nix/store/6al5bwrg5163jj6vbag5p7g2wq2mv8ad-gcc-multi-sysroot/lib/gcc/x86_64-unknown-linux-gnu/9.3.0/tls/x86_64/libc.so.6", O_RDONLY|O_CLOEXEC) = -1 ENOENT (No such file or directory)
stat("/nix/store/6al5bwrg5163jj6vbag5p7g2wq2mv8ad-gcc-multi-sysroot/lib/gcc/x86_64-unknown-linux-gnu/9.3.0/tls/x86_64", 0x7ffd9665fa60) = -1 ENOENT (No such file or directory)
openat(AT_FDCWD, "/nix/store/6al5bwrg5163jj6vbag5p7g2wq2mv8ad-gcc-multi-sysroot/lib/gcc/x86_64-unknown-linux-gnu/9.3.0/tls/libc.so.6", O_RDONLY|O_CLOEXEC) = -1 ENOENT (No such file or directory)
stat("/nix/store/6al5bwrg5163jj6vbag5p7g2wq2mv8ad-gcc-multi-sysroot/lib/gcc/x86_64-unknown-linux-gnu/9.3.0/tls", 0x7ffd9665fa60) = -1 ENOENT (No such file or directory)
openat(AT_FDCWD, "/nix/store/6al5bwrg5163jj6vbag5p7g2wq2mv8ad-gcc-multi-sysroot/lib/gcc/x86_64-unknown-linux-gnu/9.3.0/x86_64/x86_64/libc.so.6", O_RDONLY|O_CLOEXEC) = -1 ENOENT (No such file or directory)
stat("/nix/store/6al5bwrg5163jj6vbag5p7g2wq2mv8ad-gcc-multi-sysroot/lib/gcc/x86_64-unknown-linux-gnu/9.3.0/x86_64/x86_64", 0x7ffd9665fa60) = -1 ENOENT (No such file or directory)
openat(AT_FDCWD, "/nix/store/6al5bwrg5163jj6vbag5p7g2wq2mv8ad-gcc-multi-sysroot/lib/gcc/x86_64-unknown-linux-gnu/9.3.0/x86_64/libc.so.6", O_RDONLY|O_CLOEXEC) = -1 ENOENT (No such file or directory)
stat("/nix/store/6al5bwrg5163jj6vbag5p7g2wq2mv8ad-gcc-multi-sysroot/lib/gcc/x86_64-unknown-linux-gnu/9.3.0/x86_64", 0x7ffd9665fa60) = -1 ENOENT (No such file or directory)
openat(AT_FDCWD, "/nix/store/6al5bwrg5163jj6vbag5p7g2wq2mv8ad-gcc-multi-sysroot/lib/gcc/x86_64-unknown-linux-gnu/9.3.0/x86_64/libc.so.6", O_RDONLY|O_CLOEXEC) = -1 ENOENT (No such file or directory)
stat("/nix/store/6al5bwrg5163jj6vbag5p7g2wq2mv8ad-gcc-multi-sysroot/lib/gcc/x86_64-unknown-linux-gnu/9.3.0/x86_64", 0x7ffd9665fa60) = -1 ENOENT (No such file or directory)
openat(AT_FDCWD, "/nix/store/6al5bwrg5163jj6vbag5p7g2wq2mv8ad-gcc-multi-sysroot/lib/gcc/x86_64-unknown-linux-gnu/9.3.0/libc.so.6", O_RDONLY|O_CLOEXEC) = 4
read(4, "\177ELF\2\1\1\3\0\0\0\0\0\0\0\0\3\0>\0\1\0\0\0\240>\2\0\0\0\0\0"..., 832) = 832
fstat(4, {st_mode=S_IFREG|0555, st_size=2056024, ...}) = 0
mmap(NULL, 8192, PROT_READ|PROT_WRITE, MAP_PRIVATE|MAP_ANONYMOUS, -1, 0) = 0x7f190ca6a000
mmap(NULL, 1828160, PROT_READ, MAP_PRIVATE|MAP_DENYWRITE, 4, 0) = 0x7f190c8ab000
mprotect(0x7f190c8cd000, 1650688, PROT_NONE) = 0
mmap(0x7f190c8cd000, 1327104, PROT_READ|PROT_EXEC, MAP_PRIVATE|MAP_FIXED|MAP_DENYWRITE, 4, 0x22000) = 0x7f190c8cd000
mmap(0x7f190ca11000, 319488, PROT_READ, MAP_PRIVATE|MAP_FIXED|MAP_DENYWRITE, 4, 0x166000) = 0x7f190ca11000
mmap(0x7f190ca60000, 24576, PROT_READ|PROT_WRITE, MAP_PRIVATE|MAP_FIXED|MAP_DENYWRITE, 4, 0x1b4000) = 0x7f190ca60000
mmap(0x7f190ca66000, 13632, PROT_READ|PROT_WRITE, MAP_PRIVATE|MAP_FIXED|MAP_ANONYMOUS, -1, 0) = 0x7f190ca66000
close(4)                                = 0
arch_prctl(ARCH_SET_FS, 0x7f190ca6b580) = 0
mprotect(0x7f190ca60000, 16384, PROT_READ) = 0
mprotect(0x403000, 4096, PROT_READ)     = 0
mprotect(0x7f190ca94000, 4096, PROT_READ) = 0
brk(NULL)                               = 0x1e33000
brk(0x1e54000)                          = 0x1e54000
stat("/etc/resolv.conf", {st_mode=S_IFREG|0644, st_size=107, ...}) = 0
openat(AT_FDCWD, "/etc/host.conf", O_RDONLY|O_CLOEXEC) = 4
fstat(4, {st_mode=S_IFREG|0444, st_size=9, ...}) = 0
read(4, "multi on\n", 4096)             = 9
read(4, "", 4096)                       = 0
close(4)                                = 0
openat(AT_FDCWD, "/etc/resolv.conf", O_RDONLY|O_CLOEXEC) = 4
fstat(4, {st_mode=S_IFREG|0644, st_size=107, ...}) = 0
read(4, "# Generated by resolvconf\nnamese"..., 4096) = 107
access("/proc/net", R_OK)               = 0
access("/proc/net/unix", R_OK)          = 0
socket(AF_UNIX, SOCK_DGRAM|SOCK_CLOEXEC, 0) = 5
ioctl(5, SIOCGIFINDEX, {ifr_name="enp5s0", ifr_ifindex=2}) = 0
close(5)                                = 0
read(4, "", 4096)                       = 0
close(4)                                = 0
uname({sysname="Linux", nodename="voidheart", ...}) = 0
socket(AF_UNIX, SOCK_STREAM|SOCK_CLOEXEC|SOCK_NONBLOCK, 0) = 4
connect(4, {sa_family=AF_UNIX, sun_path="/var/run/nscd/socket"}, 110) = 0
sendto(4, "\2\0\0\0\r\0\0\0\6\0\0\0hosts\0", 18, MSG_NOSIGNAL, NULL, 0) = 18
poll([{fd=4, events=POLLIN|POLLERR|POLLHUP}], 1, 5000) = 1 ([{fd=4, revents=POLLIN|POLLHUP}])
recvmsg(4, {msg_name=NULL, msg_namelen=0, msg_iov=[{iov_base="hosts\0", iov_len=6}, {iov_base="\310O\3\0\0\0\0\0", iov_len=8}], msg_iovlen=2, msg_control=[{cmsg_len=20, cmsg_level=SOL_SOCKET, cmsg_type=SCM_RIGHTS, cmsg_data=[5]}], msg_controllen=20, msg_flags=MSG_CMSG_CLOEXEC}, MSG_CMSG_CLOEXEC) = 14
mmap(NULL, 217032, PROT_READ, MAP_SHARED, 5, 0) = 0x7f190c876000
close(5)                                = 0
close(4)                                = 0
fstat(1, {st_mode=S_IFIFO|0600, st_size=0, ...}) = 0
write(1, "successful lookup: google.com\nre"..., 129successful lookup: google.com
returned address: 142.250.81.206
returned address: 142.250.81.206
returned address: 142.250.81.206
) = 129
exit_group(0)                           = ?
+++ exited with 0 +++
% time     seconds  usecs/call     calls    errors syscall
------ ----------- ----------- --------- --------- ----------------
 20.54    0.000023           7         3         1 access
 15.18    0.000017           2         6           close
 11.61    0.000013          13         1           connect
  9.82    0.000011           5         2           socket
  8.04    0.000009           2         4           fstat
  7.14    0.000008           8         1           poll
  7.14    0.000008           1         7           mmap
  7.14    0.000008           8         1           recvmsg
  3.57    0.000004           4         1           sendto
  2.68    0.000003           0         5           read
  2.68    0.000003           3         1           write
  2.68    0.000003           3         1           ioctl
  1.79    0.000002           2         1           uname
  0.00    0.000000           0         8         7 stat
  0.00    0.000000           0         4           mprotect
  0.00    0.000000           0         3           brk
  0.00    0.000000           0         1           execve
  0.00    0.000000           0         1           arch_prctl
  0.00    0.000000           0        10         7 openat
------ ----------- ----------- --------- --------- ----------------
100.00    0.000112           1        61        15 total
